build/app/outputs/mapping/release/seeds.txt
com.example.kids_edu_teacher.MainActivity
com.example.kids_edu_teacher.MainActivity: MainActivity()
...
com.pichillilorenzo.flutter_inappwebview.R$style: int Base_Theme_AppCompat
com.pichillilorenzo.flutter_inappwebview.types.URLRequest: java.util.Map headers
com.pichillilorenzo.flutter_inappwebview.R$styleable: int FontFamily_fontProviderQuery
com.pichillilorenzo.flutter_inappwebview.in_app_webview.InAppWebViewOptions: java.lang.Boolean saveFormData
com.pichillilorenzo.flutter_inappwebview.R$layout: int browser_actions_context_menu_row
androidx.appcompat.app.AppCompatActivity: androidx.appcompat.app.AppCompatDelegate mDelegate
com.pichillilorenzo.flutter_inappwebview.R$anim: int abc_tooltip_enter
com.pichillilorenzo.flutter_inappwebview.R$style: int Widget_AppCompat_ActionBar_TabText
com.pichillilorenzo.flutter_inappwebview.R$string: int abc_action_bar_up_description
androidx.fragment.app.FragmentActivity: java.lang.String FRAGMENTS_TAG
com.pichillilorenzo.flutter_inappwebview.R$styleable: int AppCompatTheme_actionBarTabStyle
kotlinx.coroutines.EventLoopImplBase: int _isCompleted
com.pichillilorenzo.flutter_inappwebview.R$styleable: int ActionBar_homeAsUpIndicator
com.pichillilorenzo.flutter_inappwebview.in_app_webview.InAppWebViewOptions: java.lang.Boolean useWideViewPort
com.pichillilorenzo.flutter_inappwebview.R$dimen: int abc_dropdownitem_text_padding_left
com.pichillilorenzo.flutter_inappwebview.credential_database.CredentialDatabaseHandler: com.pichillilorenzo.flutter_inappwebview.credential_database.CredentialDatabase credentialDatabase
com.pichillilorenzo.flutter_inappwebview.in_app_webview.InAppWebViewChromeClient$5: android.webkit.JsResult val$result
com.pichillilorenzo.flutter_inappwebview.plugin_scripts_js.JavaScriptBridgeJS: java.lang.String JAVASCRIPT_BRIDGE_JS_SOURCE
com.pichillilorenzo.flutter_inappwebview.R$styleable: int ViewStubCompat_android_layout
androidx.window.layout.SidecarWindowBackend$WindowLayoutChangeCallbackWrapper: androidx.core.util.Consumer callback
com.pichillilorenzo.flutter_inappwebview.R$style: int Widget_AppCompat_SearchView_ActionBar
com.pichillilorenzo.flutter_inappwebview.types.URLProtectionSpace: android.net.http.SslError sslError
com.pichillilorenzo.flutter_inappwebview.R$styleable: int AppCompatTheme_windowMinWidthMajor
com.pichillilorenzo.flutter_inappwebview.R$styleable: int AppCompatTheme_textAppearanceListItem
com.pichillilorenzo.flutter_inappwebview.R$styleable: int AppCompatTheme_controlBackground
com.pichillilorenzo.flutter_inappwebview.chrome_custom_tabs.ChromeCustomTabsActivity: androidx.browser.customtabs.CustomTabsSession customTabsSession
com.pichillilorenzo.flutter_inappwebview.R$style: int TextAppearance_AppCompat
com.pichillilorenzo.flutter_inappwebview.InAppWebViewFlutterPlugin: com.pichillilorenzo.flutter_inappwebview.credential_database.CredentialDatabaseHandler credentialDatabaseHandler
com.pichillilorenzo.flutter_inappwebview.R$attr: int switchStyle
com.pichillilorenzo.flutter_inappwebview.R$layout: int abc_expanded_menu_layout
com.pichillilorenzo.flutter_inappwebview.R$color: int material_grey_800
com.pichillilorenzo.flutter_inappwebview.R$style: int Base_Theme_AppCompat_Dialog_MinWidth
com.pichillilorenzo.flutter_inappwebview.R$styleable: int SwitchCompat_splitTrack
com.pichillilorenzo.flutter_inappwebview.WebViewFeatureManager: com.pichillilorenzo.flutter_inappwebview.InAppWebViewFlutterPlugin plugin
com.pichillilorenzo.flutter_inappwebview.R$styleable: int GradientColor_android_endColor
com.pichillilorenzo.flutter_inappwebview.R$styleable: int PopupWindow_android_popupAnimationStyle
androidx.lifecycle.ProcessLifecycleOwner$3: androidx.lifecycle.ProcessLifecycleOwner this$0
com.pichillilorenzo.flutter_inappwebview.in_app_webview.InAppWebViewChromeClient$1: android.webkit.WebView val$view
androidx.core.content.FileProvider: java.lang.String ATTR_PATH
com.pichillilorenzo.flutter_inappwebview.R$drawable: int notify_panel_notification_icon_bg
com.pichillilorenzo.flutter_inappwebview.R$style: int Base_Widget_AppCompat_DrawerArrowToggle