build/app/outputs/mapping/release/mapping.txt
# compiler: R8
# compiler_version: 3.3.70
# min_api: 19
# common_typos_disable
# {"id":"com.android.tools.r8.mapping","version":"2.0"}
# pg_map_id: 0f6a414
# pg_map_hash: SHA-256 0f6a4148fbd1fcdcf2f21e18482dd2fa289ecf0176a4250dce4576d2cd910068
...
io.flutter.embedding.engine.FlutterJNI$$ExternalSyntheticLambda1 -> io.flutter.embedding.engine.g:
# {"id":"sourceFile","fileName":"R8$$SyntheticClass"}
# {"id":"com.android.tools.r8.synthesized"}
    long io.flutter.embedding.engine.FlutterJNI$$InternalSyntheticLambda$1$2a5524ed219e708ff31c82ad8e0395d5d0898b08cb74f1a02a2f346a4db7f98c$0.f$0 -> a
    void io.flutter.embedding.engine.FlutterJNI$$InternalSyntheticLambda$1$2a5524ed219e708ff31c82ad8e0395d5d0898b08cb74f1a02a2f346a4db7f98c$0.<init>(long) -> <init>
      # {"id":"com.android.tools.r8.synthesized"}
    void io.flutter.embedding.engine.FlutterJNI$$InternalSyntheticLambda$1$2a5524ed219e708ff31c82ad8e0395d5d0898b08cb74f1a02a2f346a4db7f98c$0.onHeaderDecoded(android.graphics.ImageDecoder,android.graphics.ImageDecoder$ImageInfo,android.graphics.ImageDecoder$Source) -> onHeaderDecoded
      # {"id":"com.android.tools.r8.synthesized"}
io.flutter.embedding.engine.FlutterJNI$AccessibilityDelegate -> io.flutter.embedding.engine.FlutterJNI$a:
    void updateSemantics(java.nio.ByteBuffer,java.lang.String[],java.nio.ByteBuffer[]) -> b
    void updateCustomAccessibilityActions(java.nio.ByteBuffer,java.lang.String[]) -> c
io.flutter.embedding.engine.FlutterJNI$AsyncWaitForVsyncDelegate -> io.flutter.embedding.engine.FlutterJNI$b:
    void asyncWaitForVsync(long) -> a
io.flutter.embedding.engine.FlutterJNI$Factory -> io.flutter.embedding.engine.FlutterJNI$c:
    io.flutter.embedding.engine.FlutterJNI provideFlutterJNI() -> a
io.flutter.embedding.engine.FlutterShellArgs -> io.flutter.embedding.engine.h:
    java.util.Set args -> a
    io.flutter.embedding.engine.FlutterShellArgs fromIntent(android.content.Intent) -> a
    java.lang.String[] toArray() -> b
io.flutter.embedding.engine.dart.DartExecutor -> o1.a:
    io.flutter.plugin.common.BinaryMessenger binaryMessenger -> i
    android.content.res.AssetManager assetManager -> g
    java.lang.String isolateServiceId -> k
    boolean isApplicationRunning -> j
    io.flutter.embedding.engine.dart.DartMessenger dartMessenger -> h
    io.flutter.plugin.common.BinaryMessenger$BinaryMessageHandler isolateChannelMessageHandler -> m
    io.flutter.embedding.engine.dart.DartExecutor$IsolateServiceIdListener isolateServiceIdListener -> l
    io.flutter.embedding.engine.FlutterJNI flutterJNI -> f
    io.flutter.plugin.common.BinaryMessenger$TaskQueue makeBackgroundTaskQueue(io.flutter.plugin.common.BinaryMessenger$TaskQueueOptions) -> a
    java.lang.String access$000(io.flutter.embedding.engine.dart.DartExecutor) -> b
    io.flutter.plugin.common.BinaryMessenger$TaskQueue makeBackgroundTaskQueue() -> c
      # {"id":"com.android.tools.r8.synthesized"}
    void setMessageHandler(java.lang.String,io.flutter.plugin.common.BinaryMessenger$BinaryMessageHandler,io.flutter.plugin.common.BinaryMessenger$TaskQueue) -> d
    java.lang.String access$002(io.flutter.embedding.engine.dart.DartExecutor,java.lang.String) -> e
    void send(java.lang.String,java.nio.ByteBuffer,io.flutter.plugin.common.BinaryMessenger$BinaryReply) -> f
    void setMessageHandler(java.lang.String,io.flutter.plugin.common.BinaryMessenger$BinaryMessageHandler) -> g
io.flutter.embedding.engine.dart.DartExecutor$1 -> o1.a$a:
    io.flutter.embedding.engine.dart.DartExecutor this$0 -> a
    void onMessage(java.nio.ByteBuffer,io.flutter.plugin.common.BinaryMessenger$BinaryReply) -> a
io.flutter.embedding.engine.dart.DartExecutor$DartEntrypoint -> o1.a$b:
    java.lang.String pathToBundle -> a
    java.lang.String dartEntrypointFunctionName -> c
    java.lang.String dartEntrypointLibrary -> b
    io.flutter.embedding.engine.dart.DartExecutor$DartEntrypoint createDefault() -> a