build/app/outputs/mapping/release/usage.txt
com.example.kids_edu_teacher.BuildConfig
com.example.kids_edu_teacher.R$anim
com.example.kids_edu_teacher.R$animator
com.example.kids_edu_teacher.R$attr
com.example.kids_edu_teacher.R$bool
com.example.kids_edu_teacher.R$color
com.example.kids_edu_teacher.R$dimen
com.example.kids_edu_teacher.R$drawable
com.example.kids_edu_teacher.R$id
com.example.kids_edu_teacher.R$integer
com.example.kids_edu_teacher.R$interpolator
com.example.kids_edu_teacher.R$layout
com.example.kids_edu_teacher.R$menu
com.example.kids_edu_teacher.R$mipmap
com.example.kids_edu_teacher.R$string
com.example.kids_edu_teacher.R$style
com.example.kids_edu_teacher.R$styleable
com.example.kids_edu_teacher.R$xml
com.example.kids_edu_teacher.R
...
com.google.android.gms.internal.auth.zzce
com.google.android.gms.internal.auth.zzcf
com.google.android.gms.internal.auth.zzcg
com.google.android.gms.internal.auth.zzch
com.google.android.gms.internal.auth.zzci
com.google.android.gms.internal.auth.zzcj
com.google.android.gms.internal.auth.zzck
com.google.android.gms.internal.auth.zzcl
com.google.android.gms.internal.auth.zzcm
com.google.android.gms.internal.auth.zzcn
com.google.android.gms.internal.auth.zzco
com.google.android.gms.internal.auth.zzcp
com.google.android.gms.internal.auth.zzcq
com.google.android.gms.internal.auth.zzcr
com.google.android.gms.internal.auth.zzcs
com.google.android.gms.internal.auth.zzct
com.google.android.gms.internal.auth.zzcu
com.google.android.gms.internal.auth.zzcv
com.google.android.gms.internal.auth.zzcw
com.google.android.gms.internal.auth.zzcx
com.google.android.gms.internal.auth.zzcy
com.google.android.gms.internal.auth.zzcz
com.google.android.gms.internal.auth.zzd
com.google.android.gms.internal.auth.zzda
com.google.android.gms.internal.auth.zzdb
com.google.android.gms.internal.auth.zzdc
com.google.android.gms.internal.auth.zzdd
com.google.android.gms.internal.auth.zzde
com.google.android.gms.internal.auth.zzdf
com.google.android.gms.internal.auth.zzdg
com.google.android.gms.internal.auth.zzdh
com.google.android.gms.internal.auth.zzdi
com.google.android.gms.internal.auth.zzdj
com.google.android.gms.internal.auth.zzdk
com.google.android.gms.internal.auth.zzdl
com.google.android.gms.internal.auth.zzdm
com.google.android.gms.internal.auth.zzdn
com.google.android.gms.internal.auth.zzdo
com.google.android.gms.internal.auth.zzdp
com.google.android.gms.internal.auth.zzdq
com.google.android.gms.internal.auth.zzdr
com.google.android.gms.internal.auth.zzds
com.google.android.gms.internal.auth.zzdt
com.google.android.gms.internal.auth.zzdu
com.google.android.gms.internal.auth.zzdv
com.google.android.gms.internal.auth.zzdw
com.google.android.gms.internal.auth.zzdx
com.google.android.gms.internal.auth.zzdy
com.google.android.gms.internal.auth.zzdz
com.google.android.gms.internal.auth.zze
com.google.android.gms.internal.auth.zzea
com.google.android.gms.internal.auth.zzeb
com.google.android.gms.internal.auth.zzec
com.google.android.gms.internal.auth.zzed
com.google.android.gms.internal.auth.zzee
com.google.android.gms.internal.auth.zzef
com.google.android.gms.internal.auth.zzeg
com.google.android.gms.internal.auth.zzeh
com.google.android.gms.internal.auth.zzei
com.google.android.gms.internal.auth.zzej
com.google.android.gms.internal.auth.zzek
com.google.android.gms.internal.auth.zzel
com.google.android.gms.internal.auth.zzem
com.google.android.gms.internal.auth.zzen
com.google.android.gms.internal.auth.zzeo
com.google.android.gms.internal.auth.zzep
com.google.android.gms.internal.auth.zzeq
com.google.android.gms.internal.auth.zzer
com.google.android.gms.internal.auth.zzes
com.google.android.gms.internal.auth.zzet
com.google.android.gms.internal.auth.zzeu
com.google.android.gms.internal.auth.zzev
com.google.android.gms.internal.auth.zzew
com.google.android.gms.internal.auth.zzex
com.google.android.gms.internal.auth.zzey
com.google.android.gms.internal.auth.zzez
com.google.android.gms.internal.auth.zzf
com.google.android.gms.internal.auth.zzfa
com.google.android.gms.internal.auth.zzfb
com.google.android.gms.internal.auth.zzfc
com.google.android.gms.internal.auth.zzfd
com.google.android.gms.internal.auth.zzfe
com.google.android.gms.internal.auth.zzff
com.google.android.gms.internal.auth.zzfg
com.google.android.gms.internal.auth.zzfh
com.google.android.gms.internal.auth.zzfi
com.google.android.gms.internal.auth.zzfj
com.google.android.gms.internal.auth.zzfk
com.google.android.gms.internal.auth.zzfl
com.google.android.gms.internal.auth.zzfm
com.google.android.gms.internal.auth.zzfn
com.google.android.gms.internal.auth.zzfo
com.google.android.gms.internal.auth.zzfp
com.google.android.gms.internal.auth.zzfq
com.google.android.gms.internal.auth.zzfr